2021-11-01 00:00:31.122  INFO 45588 --- [main] c.t.a.AccountsServiceApplication         : Starting AccountsServiceApplication using Java 1.8.0_131 on Hishams-MacBook-Pro.local with PID 45588 (/Users/hishamsharif/projects/challenges/virtusa/accounts-service/target/classes started by hishamsharif in /Users/hishamsharif/projects/challenges/virtusa/accounts-service)
2021-11-01 00:00:31.132 DEBUG 45588 --- [main] c.t.a.AccountsServiceApplication         : Running with Spring Boot v2.5.6, Spring v5.3.12
2021-11-01 00:00:31.133  INFO 45588 --- [main] c.t.a.AccountsServiceApplication         : No active profile set, falling back to default profiles: default
2021-11-01 00:00:35.096  WARN 45588 --- [main] JpaBaseConfiguration$JpaWebConfiguration : spring.jpa.open-in-view is enabled by default. Therefore, database queries may be performed during view rendering. Explicitly configure spring.jpa.open-in-view to disable this warning
2021-11-01 00:00:35.563  INFO 45588 --- [main] c.t.a.AccountsServiceApplication         : Started AccountsServiceApplication in 4.999 seconds (JVM running for 5.943)
2021-11-01 00:00:43.757 DEBUG 45588 --- [http-nio-8080-exec-1] c.t.a.core.service.CustomerServiceImpl   : Get All customers 
2021-11-01 00:00:43.947 DEBUG 45588 --- [http-nio-8080-exec-1] c.t.a.core.service.CustomerServiceImpl   : results >> []
2021-11-01 00:00:59.343 DEBUG 45588 --- [http-nio-8080-exec-5] c.t.a.core.service.CustomerServiceImpl   : Get All customers 
2021-11-01 00:00:59.380 DEBUG 45588 --- [http-nio-8080-exec-5] c.t.a.core.service.CustomerServiceImpl   : results >> [Customer(id=100, name=John, email=john@abc.com)]
2021-11-01 13:11:37.455  WARN 45588 --- [HikariPool-1 housekeeper] com.zaxxer.hikari.pool.HikariPool        : HikariPool-1 - Thread starvation or clock leap detected (housekeeper delta=13h9m19s336ms).
2021-11-01 13:12:06.340  INFO 45743 --- [main] c.t.a.AccountsServiceApplication         : Starting AccountsServiceApplication using Java 1.8.0_131 on hishams-mbp with PID 45743 (/Users/hishamsharif/projects/challenges/virtusa/accounts-service/target/classes started by hishamsharif in /Users/hishamsharif/projects/challenges/virtusa/accounts-service)
2021-11-01 13:12:06.342 DEBUG 45743 --- [main] c.t.a.AccountsServiceApplication         : Running with Spring Boot v2.5.6, Spring v5.3.12
2021-11-01 13:12:06.342  INFO 45743 --- [main] c.t.a.AccountsServiceApplication         : No active profile set, falling back to default profiles: default
2021-11-01 13:12:09.171  WARN 45743 --- [main] JpaBaseConfiguration$JpaWebConfiguration : spring.jpa.open-in-view is enabled by default. Therefore, database queries may be performed during view rendering. Explicitly configure spring.jpa.open-in-view to disable this warning
2021-11-01 13:12:09.486  INFO 45743 --- [main] c.t.a.AccountsServiceApplication         : Started AccountsServiceApplication in 3.575 seconds (JVM running for 4.662)
2021-11-01 13:12:28.782 DEBUG 45743 --- [http-nio-8080-exec-3] c.t.a.core.service.CustomerServiceImpl   : Get All customers 
2021-11-01 13:12:28.888 DEBUG 45743 --- [http-nio-8080-exec-3] c.t.a.core.service.CustomerServiceImpl   : results >> [Customer(id=100, name=John, email=john@abc.com)]
2021-11-01 13:14:23.718  INFO 45805 --- [main] c.t.a.AccountsServiceApplication         : Starting AccountsServiceApplication using Java 1.8.0_131 on hishams-mbp with PID 45805 (/Users/hishamsharif/projects/challenges/virtusa/accounts-service/target/classes started by hishamsharif in /Users/hishamsharif/projects/challenges/virtusa/accounts-service)
2021-11-01 13:14:23.719 DEBUG 45805 --- [main] c.t.a.AccountsServiceApplication         : Running with Spring Boot v2.5.6, Spring v5.3.12
2021-11-01 13:14:23.720  INFO 45805 --- [main] c.t.a.AccountsServiceApplication         : No active profile set, falling back to default profiles: default
2021-11-01 13:14:25.678  WARN 45805 --- [main] JpaBaseConfiguration$JpaWebConfiguration : spring.jpa.open-in-view is enabled by default. Therefore, database queries may be performed during view rendering. Explicitly configure spring.jpa.open-in-view to disable this warning
2021-11-01 13:14:25.962  INFO 45805 --- [main] c.t.a.AccountsServiceApplication         : Started AccountsServiceApplication in 2.546 seconds (JVM running for 2.979)
2021-11-01 13:14:29.235 DEBUG 45805 --- [http-nio-8080-exec-1] c.t.a.core.service.CustomerServiceImpl   : Get All customers 
2021-11-01 13:14:29.492 DEBUG 45805 --- [http-nio-8080-exec-1] c.t.a.core.service.CustomerServiceImpl   : results >> []
2021-11-01 13:14:46.390 DEBUG 45805 --- [http-nio-8080-exec-4] c.t.a.core.service.CustomerServiceImpl   : Get All customers 
2021-11-01 13:14:46.397 DEBUG 45805 --- [http-nio-8080-exec-4] c.t.a.core.service.CustomerServiceImpl   : results >> [Customer(id=100, name=John, email=john@abc.com, accounts=[Account(id=1000, accNumber=001-02314313-020, balance=7500.0)])]
2021-11-01 13:20:49.656  INFO 45901 --- [main] c.t.a.AccountsServiceApplication         : Starting AccountsServiceApplication using Java 1.8.0_131 on hishams-mbp with PID 45901 (/Users/hishamsharif/projects/challenges/virtusa/accounts-service/target/classes started by hishamsharif in /Users/hishamsharif/projects/challenges/virtusa/accounts-service)
2021-11-01 13:20:49.658 DEBUG 45901 --- [main] c.t.a.AccountsServiceApplication         : Running with Spring Boot v2.5.6, Spring v5.3.12
2021-11-01 13:20:49.658  INFO 45901 --- [main] c.t.a.AccountsServiceApplication         : No active profile set, falling back to default profiles: default
2021-11-01 13:20:51.774  WARN 45901 --- [main] JpaBaseConfiguration$JpaWebConfiguration : spring.jpa.open-in-view is enabled by default. Therefore, database queries may be performed during view rendering. Explicitly configure spring.jpa.open-in-view to disable this warning
2021-11-01 13:20:52.047  INFO 45901 --- [main] c.t.a.AccountsServiceApplication         : Started AccountsServiceApplication in 2.677 seconds (JVM running for 3.1)
2021-11-01 13:21:01.499 DEBUG 45901 --- [http-nio-8080-exec-2] c.t.a.api.CustomerController             : Get All customers 
2021-11-01 13:21:01.583 DEBUG 45901 --- [http-nio-8080-exec-2] c.t.a.api.CustomerController             : Customer List - results >> []
2021-11-01 13:21:13.638 DEBUG 45901 --- [http-nio-8080-exec-5] c.t.a.api.CustomerController             : Get All customers 
2021-11-01 13:21:13.643 DEBUG 45901 --- [http-nio-8080-exec-5] c.t.a.api.CustomerController             : Customer List - results >> [Customer(id=100, name=John, email=john@abc.com, accounts=[Account(id=1000, accNumber=001-02314313-020, balance=7500.0)])]
2021-11-01 13:28:16.573  INFO 46052 --- [main] c.t.a.AccountsServiceApplication         : Starting AccountsServiceApplication using Java 1.8.0_131 on hishams-mbp with PID 46052 (/Users/hishamsharif/projects/challenges/virtusa/accounts-service/target/classes started by hishamsharif in /Users/hishamsharif/projects/challenges/virtusa/accounts-service)
2021-11-01 13:28:16.575 DEBUG 46052 --- [main] c.t.a.AccountsServiceApplication         : Running with Spring Boot v2.5.6, Spring v5.3.12
2021-11-01 13:28:16.575  INFO 46052 --- [main] c.t.a.AccountsServiceApplication         : No active profile set, falling back to default profiles: default
2021-11-01 13:28:18.647  WARN 46052 --- [main] JpaBaseConfiguration$JpaWebConfiguration : spring.jpa.open-in-view is enabled by default. Therefore, database queries may be performed during view rendering. Explicitly configure spring.jpa.open-in-view to disable this warning
2021-11-01 13:28:18.906  INFO 46052 --- [main] c.t.a.AccountsServiceApplication         : Started AccountsServiceApplication in 2.638 seconds (JVM running for 3.063)
2021-11-01 13:28:25.037 DEBUG 46052 --- [http-nio-8080-exec-1] c.t.a.api.CustomerController             : Get All customers 
2021-11-01 13:28:25.121 DEBUG 46052 --- [http-nio-8080-exec-1] c.t.a.api.CustomerController             : Customer List - results >> []
2021-11-01 13:28:35.522 DEBUG 46052 --- [http-nio-8080-exec-5] c.t.a.api.CustomerController             : Get All customers 
2021-11-01 13:28:35.528 DEBUG 46052 --- [http-nio-8080-exec-5] c.t.a.api.CustomerController             : Customer List - results >> [Customer(id=100, name=John, email=john@abc.com, accounts=[Account(id=1000, accNumber=001-02314313-020, balance=7500.0)])]
2021-11-01 13:31:43.974  INFO 46107 --- [main] c.t.a.AccountsServiceApplication         : Starting AccountsServiceApplication using Java 1.8.0_131 on hishams-mbp with PID 46107 (/Users/hishamsharif/projects/challenges/virtusa/accounts-service/target/classes started by hishamsharif in /Users/hishamsharif/projects/challenges/virtusa/accounts-service)
2021-11-01 13:31:43.976 DEBUG 46107 --- [main] c.t.a.AccountsServiceApplication         : Running with Spring Boot v2.5.6, Spring v5.3.12
2021-11-01 13:31:43.977  INFO 46107 --- [main] c.t.a.AccountsServiceApplication         : No active profile set, falling back to default profiles: default
2021-11-01 13:31:46.033  WARN 46107 --- [main] JpaBaseConfiguration$JpaWebConfiguration : spring.jpa.open-in-view is enabled by default. Therefore, database queries may be performed during view rendering. Explicitly configure spring.jpa.open-in-view to disable this warning
2021-11-01 13:31:46.299  INFO 46107 --- [main] c.t.a.AccountsServiceApplication         : Started AccountsServiceApplication in 2.672 seconds (JVM running for 3.121)
2021-11-01 13:31:52.220 DEBUG 46107 --- [http-nio-8080-exec-1] c.t.a.api.CustomerController             : Get All customers 
2021-11-01 13:31:52.310 DEBUG 46107 --- [http-nio-8080-exec-1] c.t.a.api.CustomerController             : Customer List - results >> []
2021-11-01 13:31:56.374  WARN 46107 --- [http-nio-8080-exec-3] .c.j.MappingJackson2HttpMessageConverter : Failed to evaluate Jackson deserialization for type [[simple type, class com.test.accountsservice.core.entity.Customer]]: com.fasterxml.jackson.databind.exc.InvalidDefinitionException: Cannot handle managed/back reference 'defaultReference': no back reference property found from type `java.util.Set<com.test.accountsservice.core.entity.Customer>`
2021-11-01 13:31:56.376  WARN 46107 --- [http-nio-8080-exec-3] .c.j.MappingJackson2HttpMessageConverter : Failed to evaluate Jackson deserialization for type [[simple type, class com.test.accountsservice.core.entity.Customer]]: com.fasterxml.jackson.databind.exc.InvalidDefinitionException: Cannot handle managed/back reference 'defaultReference': no back reference property found from type `java.util.Set<com.test.accountsservice.core.entity.Customer>`
2021-11-01 13:31:56.379  INFO 46107 --- [http-nio-8080-exec-3] c.t.a.c.s.e.CustomRestExceptionHandler   : org.springframework.web.HttpMediaTypeNotSupportedException
2021-11-01 13:32:02.553  WARN 46107 --- [http-nio-8080-exec-5] .c.j.MappingJackson2HttpMessageConverter : Failed to evaluate Jackson deserialization for type [[simple type, class com.test.accountsservice.core.entity.Customer]]: com.fasterxml.jackson.databind.exc.InvalidDefinitionException: Cannot handle managed/back reference 'defaultReference': no back reference property found from type `java.util.Set<com.test.accountsservice.core.entity.Customer>`
2021-11-01 13:32:02.555  WARN 46107 --- [http-nio-8080-exec-5] .c.j.MappingJackson2HttpMessageConverter : Failed to evaluate Jackson deserialization for type [[simple type, class com.test.accountsservice.core.entity.Customer]]: com.fasterxml.jackson.databind.exc.InvalidDefinitionException: Cannot handle managed/back reference 'defaultReference': no back reference property found from type `java.util.Set<com.test.accountsservice.core.entity.Customer>`
2021-11-01 13:32:02.555  INFO 46107 --- [http-nio-8080-exec-5] c.t.a.c.s.e.CustomRestExceptionHandler   : org.springframework.web.HttpMediaTypeNotSupportedException
2021-11-01 13:32:15.856 DEBUG 46107 --- [http-nio-8080-exec-7] c.t.a.api.CustomerController             : Get All customers 
2021-11-01 13:32:15.857 DEBUG 46107 --- [http-nio-8080-exec-7] c.t.a.api.CustomerController             : Customer List - results >> []
2021-11-01 13:32:26.083  WARN 46107 --- [http-nio-8080-exec-8] .c.j.MappingJackson2HttpMessageConverter : Failed to evaluate Jackson deserialization for type [[simple type, class com.test.accountsservice.core.entity.Customer]]: com.fasterxml.jackson.databind.exc.InvalidDefinitionException: Cannot handle managed/back reference 'defaultReference': no back reference property found from type `java.util.Set<com.test.accountsservice.core.entity.Customer>`
2021-11-01 13:32:26.085  WARN 46107 --- [http-nio-8080-exec-8] .c.j.MappingJackson2HttpMessageConverter : Failed to evaluate Jackson deserialization for type [[simple type, class com.test.accountsservice.core.entity.Customer]]: com.fasterxml.jackson.databind.exc.InvalidDefinitionException: Cannot handle managed/back reference 'defaultReference': no back reference property found from type `java.util.Set<com.test.accountsservice.core.entity.Customer>`
2021-11-01 13:32:26.085  INFO 46107 --- [http-nio-8080-exec-8] c.t.a.c.s.e.CustomRestExceptionHandler   : org.springframework.web.HttpMediaTypeNotSupportedException
2021-11-01 13:37:36.888  INFO 46198 --- [main] c.t.a.AccountsServiceApplication         : Starting AccountsServiceApplication using Java 1.8.0_131 on hishams-mbp with PID 46198 (/Users/hishamsharif/projects/challenges/virtusa/accounts-service/target/classes started by hishamsharif in /Users/hishamsharif/projects/challenges/virtusa/accounts-service)
2021-11-01 13:37:36.890 DEBUG 46198 --- [main] c.t.a.AccountsServiceApplication         : Running with Spring Boot v2.5.6, Spring v5.3.12
2021-11-01 13:37:36.890  INFO 46198 --- [main] c.t.a.AccountsServiceApplication         : No active profile set, falling back to default profiles: default
2021-11-01 13:37:38.893  WARN 46198 --- [main] JpaBaseConfiguration$JpaWebConfiguration : spring.jpa.open-in-view is enabled by default. Therefore, database queries may be performed during view rendering. Explicitly configure spring.jpa.open-in-view to disable this warning
2021-11-01 13:37:39.151  INFO 46198 --- [main] c.t.a.AccountsServiceApplication         : Started AccountsServiceApplication in 2.57 seconds (JVM running for 3.004)
2021-11-01 13:37:51.829 DEBUG 46198 --- [http-nio-8080-exec-1] c.t.a.api.CustomerController             : Get All customers 
2021-11-01 13:37:51.915 DEBUG 46198 --- [http-nio-8080-exec-1] c.t.a.api.CustomerController             : Customer List - results >> []
2021-11-01 13:38:01.328  WARN 46198 --- [http-nio-8080-exec-3] .c.j.MappingJackson2HttpMessageConverter : Failed to evaluate Jackson deserialization for type [[simple type, class com.test.accountsservice.core.entity.Customer]]: com.fasterxml.jackson.databind.exc.InvalidDefinitionException: Cannot handle managed/back reference 'defaultReference': back reference type (`java.util.Set<com.test.accountsservice.core.entity.Customer>`) not compatible with managed type (com.test.accountsservice.core.entity.Customer)
2021-11-01 13:38:01.330  WARN 46198 --- [http-nio-8080-exec-3] .c.j.MappingJackson2HttpMessageConverter : Failed to evaluate Jackson deserialization for type [[simple type, class com.test.accountsservice.core.entity.Customer]]: com.fasterxml.jackson.databind.exc.InvalidDefinitionException: Cannot handle managed/back reference 'defaultReference': back reference type (`java.util.Set<com.test.accountsservice.core.entity.Customer>`) not compatible with managed type (com.test.accountsservice.core.entity.Customer)
2021-11-01 13:38:01.332  INFO 46198 --- [http-nio-8080-exec-3] c.t.a.c.s.e.CustomRestExceptionHandler   : org.springframework.web.HttpMediaTypeNotSupportedException
2021-11-01 13:38:46.701  INFO 46218 --- [main] c.t.a.AccountsServiceApplication         : Starting AccountsServiceApplication using Java 1.8.0_131 on hishams-mbp with PID 46218 (/Users/hishamsharif/projects/challenges/virtusa/accounts-service/target/classes started by hishamsharif in /Users/hishamsharif/projects/challenges/virtusa/accounts-service)
2021-11-01 13:38:46.703 DEBUG 46218 --- [main] c.t.a.AccountsServiceApplication         : Running with Spring Boot v2.5.6, Spring v5.3.12
2021-11-01 13:38:46.703  INFO 46218 --- [main] c.t.a.AccountsServiceApplication         : No active profile set, falling back to default profiles: default
2021-11-01 13:38:48.665  WARN 46218 --- [main] JpaBaseConfiguration$JpaWebConfiguration : spring.jpa.open-in-view is enabled by default. Therefore, database queries may be performed during view rendering. Explicitly configure spring.jpa.open-in-view to disable this warning
2021-11-01 13:38:48.903  INFO 46218 --- [main] c.t.a.AccountsServiceApplication         : Started AccountsServiceApplication in 2.511 seconds (JVM running for 2.945)
2021-11-01 13:38:55.427 DEBUG 46218 --- [http-nio-8080-exec-1] c.t.a.api.CustomerController             : Get All customers 
2021-11-01 13:38:55.510 DEBUG 46218 --- [http-nio-8080-exec-1] c.t.a.api.CustomerController             : Customer List - results >> []
2021-11-01 13:39:06.920 DEBUG 46218 --- [http-nio-8080-exec-4] c.t.a.api.CustomerController             : Get All customers 
2021-11-01 13:39:06.926 DEBUG 46218 --- [http-nio-8080-exec-4] c.t.a.api.CustomerController             : Customer List - results >> [FAILED toString()]
2021-11-01 13:42:41.112  INFO 46282 --- [main] c.t.a.AccountsServiceApplication         : Starting AccountsServiceApplication using Java 1.8.0_131 on hishams-mbp with PID 46282 (/Users/hishamsharif/projects/challenges/virtusa/accounts-service/target/classes started by hishamsharif in /Users/hishamsharif/projects/challenges/virtusa/accounts-service)
2021-11-01 13:42:41.114 DEBUG 46282 --- [main] c.t.a.AccountsServiceApplication         : Running with Spring Boot v2.5.6, Spring v5.3.12
2021-11-01 13:42:41.114  INFO 46282 --- [main] c.t.a.AccountsServiceApplication         : No active profile set, falling back to default profiles: default
2021-11-01 13:42:43.235  WARN 46282 --- [main] JpaBaseConfiguration$JpaWebConfiguration : spring.jpa.open-in-view is enabled by default. Therefore, database queries may be performed during view rendering. Explicitly configure spring.jpa.open-in-view to disable this warning
2021-11-01 13:42:43.528  INFO 46282 --- [main] c.t.a.AccountsServiceApplication         : Started AccountsServiceApplication in 2.722 seconds (JVM running for 3.148)
2021-11-01 13:42:46.456 DEBUG 46282 --- [http-nio-8080-exec-1] c.t.a.api.CustomerController             : Get All customers 
2021-11-01 13:42:46.540 DEBUG 46282 --- [http-nio-8080-exec-1] c.t.a.api.CustomerController             : Customer List - results >> []
2021-11-01 13:43:11.878 DEBUG 46282 --- [http-nio-8080-exec-5] c.t.a.api.CustomerController             : Get All customers 
2021-11-01 13:43:11.885 DEBUG 46282 --- [http-nio-8080-exec-5] c.t.a.api.CustomerController             : Customer List - results >> [FAILED toString()]
2021-11-01 13:44:38.583  INFO 46312 --- [main] c.t.a.AccountsServiceApplication         : Starting AccountsServiceApplication using Java 1.8.0_131 on hishams-mbp with PID 46312 (/Users/hishamsharif/projects/challenges/virtusa/accounts-service/target/classes started by hishamsharif in /Users/hishamsharif/projects/challenges/virtusa/accounts-service)
2021-11-01 13:44:38.585 DEBUG 46312 --- [main] c.t.a.AccountsServiceApplication         : Running with Spring Boot v2.5.6, Spring v5.3.12
2021-11-01 13:44:38.586  INFO 46312 --- [main] c.t.a.AccountsServiceApplication         : No active profile set, falling back to default profiles: default
2021-11-01 13:44:40.629  WARN 46312 --- [main] JpaBaseConfiguration$JpaWebConfiguration : spring.jpa.open-in-view is enabled by default. Therefore, database queries may be performed during view rendering. Explicitly configure spring.jpa.open-in-view to disable this warning
2021-11-01 13:44:40.918  INFO 46312 --- [main] c.t.a.AccountsServiceApplication         : Started AccountsServiceApplication in 2.647 seconds (JVM running for 3.089)
2021-11-01 13:44:53.764 DEBUG 46312 --- [http-nio-8080-exec-3] c.t.a.api.CustomerController             : Get All customers 
2021-11-01 13:44:53.840 DEBUG 46312 --- [http-nio-8080-exec-3] c.t.a.api.CustomerController             : Customer List - results >> [Customer(id=100, name=John, email=john@abc.com)]
2021-11-01 13:45:18.263  INFO 46321 --- [main] c.t.a.AccountsServiceApplication         : Starting AccountsServiceApplication using Java 1.8.0_131 on hishams-mbp with PID 46321 (/Users/hishamsharif/projects/challenges/virtusa/accounts-service/target/classes started by hishamsharif in /Users/hishamsharif/projects/challenges/virtusa/accounts-service)
2021-11-01 13:45:18.265 DEBUG 46321 --- [main] c.t.a.AccountsServiceApplication         : Running with Spring Boot v2.5.6, Spring v5.3.12
2021-11-01 13:45:18.265  INFO 46321 --- [main] c.t.a.AccountsServiceApplication         : No active profile set, falling back to default profiles: default
2021-11-01 13:45:20.340  WARN 46321 --- [main] JpaBaseConfiguration$JpaWebConfiguration : spring.jpa.open-in-view is enabled by default. Therefore, database queries may be performed during view rendering. Explicitly configure spring.jpa.open-in-view to disable this warning
2021-11-01 13:45:20.618  INFO 46321 --- [main] c.t.a.AccountsServiceApplication         : Started AccountsServiceApplication in 2.66 seconds (JVM running for 3.096)
2021-11-01 13:45:26.400  WARN 46321 --- [http-nio-8080-exec-1] .c.j.MappingJackson2HttpMessageConverter : Failed to evaluate Jackson deserialization for type [[simple type, class com.test.accountsservice.core.entity.Customer]]: com.fasterxml.jackson.databind.exc.InvalidDefinitionException: Cannot handle managed/back reference 'defaultReference': back reference type (`java.util.Set<com.test.accountsservice.core.entity.Customer>`) not compatible with managed type (com.test.accountsservice.core.entity.Customer)
2021-11-01 13:45:26.403  WARN 46321 --- [http-nio-8080-exec-1] .c.j.MappingJackson2HttpMessageConverter : Failed to evaluate Jackson deserialization for type [[simple type, class com.test.accountsservice.core.entity.Customer]]: com.fasterxml.jackson.databind.exc.InvalidDefinitionException: Cannot handle managed/back reference 'defaultReference': back reference type (`java.util.Set<com.test.accountsservice.core.entity.Customer>`) not compatible with managed type (com.test.accountsservice.core.entity.Customer)
2021-11-01 13:45:26.405  INFO 46321 --- [http-nio-8080-exec-1] c.t.a.c.s.e.CustomRestExceptionHandler   : org.springframework.web.HttpMediaTypeNotSupportedException
2021-11-01 13:52:00.848  INFO 46447 --- [main] c.t.a.AccountsServiceApplication         : Starting AccountsServiceApplication using Java 1.8.0_131 on hishams-mbp with PID 46447 (/Users/hishamsharif/projects/challenges/virtusa/accounts-service/target/classes started by hishamsharif in /Users/hishamsharif/projects/challenges/virtusa/accounts-service)
2021-11-01 13:52:00.850 DEBUG 46447 --- [main] c.t.a.AccountsServiceApplication         : Running with Spring Boot v2.5.6, Spring v5.3.12
2021-11-01 13:52:00.850  INFO 46447 --- [main] c.t.a.AccountsServiceApplication         : No active profile set, falling back to default profiles: default
2021-11-01 13:52:02.920  WARN 46447 --- [main] JpaBaseConfiguration$JpaWebConfiguration : spring.jpa.open-in-view is enabled by default. Therefore, database queries may be performed during view rendering. Explicitly configure spring.jpa.open-in-view to disable this warning
2021-11-01 13:52:03.186  INFO 46447 --- [main] c.t.a.AccountsServiceApplication         : Started AccountsServiceApplication in 2.652 seconds (JVM running for 3.095)
2021-11-01 13:52:52.785 DEBUG 46447 --- [http-nio-8080-exec-3] c.t.a.api.CustomerController             : Get All customers 
2021-11-01 13:52:52.863 DEBUG 46447 --- [http-nio-8080-exec-3] c.t.a.api.CustomerController             : Customer List - results >> [Customer(id=100, name=John, email=john@abc.com)]
2021-11-01 13:55:06.513  INFO 46491 --- [main] c.t.a.AccountsServiceApplication         : Starting AccountsServiceApplication using Java 1.8.0_131 on hishams-mbp with PID 46491 (/Users/hishamsharif/projects/challenges/virtusa/accounts-service/target/classes started by hishamsharif in /Users/hishamsharif/projects/challenges/virtusa/accounts-service)
2021-11-01 13:55:06.515 DEBUG 46491 --- [main] c.t.a.AccountsServiceApplication         : Running with Spring Boot v2.5.6, Spring v5.3.12
2021-11-01 13:55:06.515  INFO 46491 --- [main] c.t.a.AccountsServiceApplication         : No active profile set, falling back to default profiles: default
2021-11-01 13:55:08.701  WARN 46491 --- [main] JpaBaseConfiguration$JpaWebConfiguration : spring.jpa.open-in-view is enabled by default. Therefore, database queries may be performed during view rendering. Explicitly configure spring.jpa.open-in-view to disable this warning
2021-11-01 13:55:08.976  INFO 46491 --- [main] c.t.a.AccountsServiceApplication         : Started AccountsServiceApplication in 2.784 seconds (JVM running for 3.205)
2021-11-01 13:55:47.694 DEBUG 46491 --- [http-nio-8080-exec-2] c.t.a.api.CustomerController             : Get All customers 
2021-11-01 13:55:47.784 DEBUG 46491 --- [http-nio-8080-exec-2] c.t.a.api.CustomerController             : Customer List - results >> []
2021-11-01 13:55:59.921 DEBUG 46491 --- [http-nio-8080-exec-5] c.t.a.api.CustomerController             : Get All customers 
2021-11-01 13:55:59.930 DEBUG 46491 --- [http-nio-8080-exec-5] c.t.a.api.CustomerController             : Customer List - results >> [Customer(id=100, name=John, email=john@abc.com)]
2021-11-01 13:57:51.025  INFO 46532 --- [main] c.t.a.AccountsServiceApplication         : Starting AccountsServiceApplication using Java 1.8.0_131 on hishams-mbp with PID 46532 (/Users/hishamsharif/projects/challenges/virtusa/accounts-service/target/classes started by hishamsharif in /Users/hishamsharif/projects/challenges/virtusa/accounts-service)
2021-11-01 13:57:51.027 DEBUG 46532 --- [main] c.t.a.AccountsServiceApplication         : Running with Spring Boot v2.5.6, Spring v5.3.12
2021-11-01 13:57:51.027  INFO 46532 --- [main] c.t.a.AccountsServiceApplication         : No active profile set, falling back to default profiles: default
2021-11-01 13:57:53.196  WARN 46532 --- [main] JpaBaseConfiguration$JpaWebConfiguration : spring.jpa.open-in-view is enabled by default. Therefore, database queries may be performed during view rendering. Explicitly configure spring.jpa.open-in-view to disable this warning
2021-11-01 13:57:53.469  INFO 46532 --- [main] c.t.a.AccountsServiceApplication         : Started AccountsServiceApplication in 2.764 seconds (JVM running for 3.18)
2021-11-01 13:58:06.507 DEBUG 46532 --- [http-nio-8080-exec-3] c.t.a.api.CustomerController             : Get All customers 
2021-11-01 13:58:06.595 DEBUG 46532 --- [http-nio-8080-exec-3] c.t.a.api.CustomerController             : Customer List - results >> [Customer(id=100, name=John, email=john@abc.com)]
2021-11-01 14:04:25.112 DEBUG 46532 --- [http-nio-8080-exec-5] c.t.a.api.CustomerController             : Get All customers 
2021-11-01 14:04:25.114 DEBUG 46532 --- [http-nio-8080-exec-5] c.t.a.api.CustomerController             : Customer List - results >> [Customer(id=100, name=John, email=john@abc.com)]
2021-11-01 14:47:11.739  INFO 47267 --- [main] c.t.a.CustomerAccountIntegrationTest     : Starting CustomerAccountIntegrationTest using Java 1.8.0_131 on hishams-mbp with PID 47267 (started by hishamsharif in /Users/hishamsharif/projects/challenges/virtusa/accounts-service)
2021-11-01 14:47:11.740 DEBUG 47267 --- [main] c.t.a.CustomerAccountIntegrationTest     : Running with Spring Boot v2.5.6, Spring v5.3.12
2021-11-01 14:47:11.744  INFO 47267 --- [main] c.t.a.CustomerAccountIntegrationTest     : No active profile set, falling back to default profiles: default
2021-11-01 14:47:13.334  INFO 47267 --- [main] c.t.a.CustomerAccountIntegrationTest     : Started CustomerAccountIntegrationTest in 1.945 seconds (JVM running for 2.844)
2021-11-01 14:47:13.445 DEBUG 47267 --- [main] c.t.a.adaptor.api.CustomerController     : Get All customers - results >> [Customer(id=1, name=Bob, email=bob@abc.com), Customer(id=2, name=John Doe, email=john@abc.com)]
2021-11-01 14:48:17.844  INFO 47285 --- [main] c.t.a.CustomerAccountIntegrationTest     : Starting CustomerAccountIntegrationTest using Java 1.8.0_131 on hishams-mbp with PID 47285 (started by hishamsharif in /Users/hishamsharif/projects/challenges/virtusa/accounts-service)
2021-11-01 14:48:17.845 DEBUG 47285 --- [main] c.t.a.CustomerAccountIntegrationTest     : Running with Spring Boot v2.5.6, Spring v5.3.12
2021-11-01 14:48:17.847  INFO 47285 --- [main] c.t.a.CustomerAccountIntegrationTest     : No active profile set, falling back to default profiles: default
2021-11-01 14:48:19.421  INFO 47285 --- [main] c.t.a.CustomerAccountIntegrationTest     : Started CustomerAccountIntegrationTest in 1.896 seconds (JVM running for 2.722)
2021-11-01 14:48:19.498 DEBUG 47285 --- [main] c.t.a.adaptor.api.CustomerController     : Get All customers - results >> [Customer(id=1, name=Bob, email=bob@abc.com), Customer(id=2, name=John Doe, email=john@abc.com)]
2021-11-01 14:48:33.337  INFO 47288 --- [main] c.t.accountsservice.CustomerAccountTest  : Starting CustomerAccountTest using Java 1.8.0_131 on hishams-mbp with PID 47288 (started by hishamsharif in /Users/hishamsharif/projects/challenges/virtusa/accounts-service)
2021-11-01 14:48:33.338 DEBUG 47288 --- [main] c.t.accountsservice.CustomerAccountTest  : Running with Spring Boot v2.5.6, Spring v5.3.12
2021-11-01 14:48:33.341  INFO 47288 --- [main] c.t.accountsservice.CustomerAccountTest  : No active profile set, falling back to default profiles: default
2021-11-01 14:48:34.915  INFO 47288 --- [main] c.t.accountsservice.CustomerAccountTest  : Started CustomerAccountTest in 1.912 seconds (JVM running for 2.764)
2021-11-01 14:48:35.011 DEBUG 47288 --- [main] c.t.a.adaptor.api.CustomerController     : Get All customers - results >> [Customer(id=1, name=Bob, email=bob@abc.com), Customer(id=2, name=John Doe, email=john@abc.com)]
2021-11-01 14:56:06.808  WARN 47412 --- [main] JpaBaseConfiguration$JpaWebConfiguration : spring.jpa.open-in-view is enabled by default. Therefore, database queries may be performed during view rendering. Explicitly configure spring.jpa.open-in-view to disable this warning
2021-11-01 14:57:07.296  WARN 47429 --- [main] JpaBaseConfiguration$JpaWebConfiguration : spring.jpa.open-in-view is enabled by default. Therefore, database queries may be performed during view rendering. Explicitly configure spring.jpa.open-in-view to disable this warning
2021-11-01 14:57:54.577  INFO 47443 --- [main] c.nubank.ams.AccountsServiceApplication  : Starting AccountsServiceApplication using Java 1.8.0_131 on hishams-mbp with PID 47443 (/Users/hishamsharif/projects/challenges/virtusa/accounts-service/target/classes started by hishamsharif in /Users/hishamsharif/projects/challenges/virtusa/accounts-service)
2021-11-01 14:57:54.579 DEBUG 47443 --- [main] c.nubank.ams.AccountsServiceApplication  : Running with Spring Boot v2.5.6, Spring v5.3.12
2021-11-01 14:57:54.579  INFO 47443 --- [main] c.nubank.ams.AccountsServiceApplication  : No active profile set, falling back to default profiles: default
2021-11-01 14:57:56.564  WARN 47443 --- [main] JpaBaseConfiguration$JpaWebConfiguration : spring.jpa.open-in-view is enabled by default. Therefore, database queries may be performed during view rendering. Explicitly configure spring.jpa.open-in-view to disable this warning
2021-11-01 14:57:56.844  INFO 47443 --- [main] c.nubank.ams.AccountsServiceApplication  : Started AccountsServiceApplication in 2.58 seconds (JVM running for 3.032)
2021-11-01 14:58:04.074 DEBUG 47443 --- [http-nio-8080-exec-2] c.n.ams.adaptor.api.CustomerController   : Get All customers - results >> []
2021-11-01 14:58:08.648 DEBUG 47443 --- [http-nio-8080-exec-3] c.n.a.d.service.CustomerServiceImpl      : Creating Customer 
2021-11-01 14:58:13.959 DEBUG 47443 --- [http-nio-8080-exec-5] c.n.ams.adaptor.api.CustomerController   : Get All customers - results >> [Customer(id=100, name=John, email=john@abc.com)]
2021-11-01 14:58:19.714 DEBUG 47443 --- [http-nio-8080-exec-6] c.n.ams.adaptor.api.CustomerController   : Get All customers - results >> [Customer(id=100, name=John, email=john@abc.com)]
2021-11-01 21:52:55.981  INFO 55495 --- [main] c.nubank.ams.AccountsServiceApplication  : Starting AccountsServiceApplication using Java 1.8.0_131 on hishams-mbp with PID 55495 (/Users/hishamsharif/projects/challenges/virtusa/test2/springboot-account-mgmt-example/target/classes started by hishamsharif in /Users/hishamsharif/projects/challenges/virtusa/test2/springboot-account-mgmt-example)
2021-11-01 21:52:55.986 DEBUG 55495 --- [main] c.nubank.ams.AccountsServiceApplication  : Running with Spring Boot v2.5.6, Spring v5.3.12
2021-11-01 21:52:55.986  INFO 55495 --- [main] c.nubank.ams.AccountsServiceApplication  : No active profile set, falling back to default profiles: default
2021-11-01 21:52:58.120  WARN 55495 --- [main] JpaBaseConfiguration$JpaWebConfiguration : spring.jpa.open-in-view is enabled by default. Therefore, database queries may be performed during view rendering. Explicitly configure spring.jpa.open-in-view to disable this warning
2021-11-01 21:52:58.345  INFO 55495 --- [main] c.nubank.ams.AccountsServiceApplication  : Started AccountsServiceApplication in 2.68 seconds (JVM running for 2.964)
2021-11-01 21:53:11.903 DEBUG 55495 --- [http-nio-8080-exec-1] c.n.a.d.service.CustomerServiceImpl      : Creating Customer 
2021-11-01 21:53:20.340 DEBUG 55495 --- [http-nio-8080-exec-3] c.n.ams.adaptor.api.CustomerController   : Get All customers - results >> [Customer(id=100, name=John, email=john@abc.com)]
